<?xml version="1.0" encoding="UTF-8"?>
<testng-results total="2" passed="2" failed="0" skipped="0">
  <reporter-output>
  </reporter-output>
  <suite started-at="2019-06-24T23:32:59Z" name="Suite" finished-at="2019-06-24T23:32:59Z" duration-ms="17">
    <groups>
    </groups>
    <test started-at="2019-06-24T23:32:59Z" name="Test" finished-at="2019-06-24T23:32:59Z" duration-ms="17">
      <class name="one.AA">
        <test-method signature="say()[pri:0, instance:one.AA@618b19ad]" started-at="2019-06-24T19:32:59Z" name="say" finished-at="2019-06-24T19:32:59Z" duration-ms="6" status="PASS">
          <reporter-output>
          </reporter-output>
        </test-method> <!-- say -->
      </class> <!-- one.AA -->
      <class name="one.BB">
        <test-method signature="info()[pri:0, instance:one.BB@3e694b3f]" started-at="2019-06-24T19:32:59Z" name="info" finished-at="2019-06-24T19:32:59Z" duration-ms="0" status="PASS">
          <reporter-output>
          </reporter-output>
        </test-method> <!-- info -->
      </class> <!-- one.BB -->
    </test> <!-- Test -->
  </suite> <!-- Suite -->
</testng-results>
