<?xml version="1.0" encoding="UTF-8"?>
<testng-results total="1" passed="1" failed="0" skipped="0">
  <reporter-output>
  </reporter-output>
  <suite started-at="2019-06-24T23:30:58Z" name="Default suite" finished-at="2019-06-24T23:30:58Z" duration-ms="23">
    <groups>
    </groups>
    <test started-at="2019-06-24T23:30:58Z" name="Default test" finished-at="2019-06-24T23:30:58Z" duration-ms="23">
      <class name="one.AA">
        <test-method signature="say()[pri:0, instance:one.AA@2d1ef81a]" started-at="2019-06-24T19:30:58Z" name="say" finished-at="2019-06-24T19:30:58Z" duration-ms="10" status="PASS">
          <reporter-output>
          </reporter-output>
        </test-method> <!-- say -->
      </class> <!-- one.AA -->
    </test> <!-- Default test -->
  </suite> <!-- Default suite -->
</testng-results>
